0 info it worked if it ends with ok
1 verbose cli [ 'node', '/usr/local/bin/npm', 'install', '-g', 'mocha' ]
2 info using npm@1.4.28
3 info using node@v0.10.35
4 verbose cache add [ 'mocha', null ]
5 verbose cache add name=undefined spec="mocha" args=["mocha",null]
6 verbose parsed url { protocol: null,
6 verbose parsed url   slashes: null,
6 verbose parsed url   auth: null,
6 verbose parsed url   host: null,
6 verbose parsed url   port: null,
6 verbose parsed url   hostname: null,
6 verbose parsed url   hash: null,
6 verbose parsed url   search: null,
6 verbose parsed url   query: null,
6 verbose parsed url   pathname: 'mocha',
6 verbose parsed url   path: 'mocha',
6 verbose parsed url   href: 'mocha' }
7 silly lockFile a619da43-mocha mocha
8 verbose lock mocha /Users/souleni5k/.npm/a619da43-mocha.lock
9 silly lockFile a619da43-mocha mocha
10 silly lockFile a619da43-mocha mocha
11 verbose addNamed [ 'mocha', '' ]
12 verbose addNamed [ null, '*' ]
13 silly lockFile b9899f31-mocha mocha@
14 verbose lock mocha@ /Users/souleni5k/.npm/b9899f31-mocha.lock
15 silly addNameRange { name: 'mocha', range: '*', hasData: false }
16 verbose request where is /mocha
17 verbose request registry https://registry.npmjs.org/
18 verbose request id 041b53dfe60311bf
19 verbose url raw /mocha
20 verbose url resolving [ 'https://registry.npmjs.org/', './mocha' ]
21 verbose url resolved https://registry.npmjs.org/mocha
22 verbose request where is https://registry.npmjs.org/mocha
23 info trying registry request attempt 1 at 22:02:52
24 verbose etag "3BVOP8HUKPATR1SDG53DJ1KOC"
25 http GET https://registry.npmjs.org/mocha
26 http 200 https://registry.npmjs.org/mocha
27 silly registry.get cb [ 200,
27 silly registry.get   { server: 'CouchDB/1.5.0 (Erlang OTP/R16B03)',
27 silly registry.get     etag: '"BMM2AFGI56GUD1WVWCATVEGDU"',
27 silly registry.get     'content-type': 'application/json',
27 silly registry.get     'cache-control': 'max-age=60',
27 silly registry.get     'content-length': '188368',
27 silly registry.get     'accept-ranges': 'bytes',
27 silly registry.get     date: 'Sun, 18 Oct 2015 02:02:53 GMT',
27 silly registry.get     via: '1.1 varnish',
27 silly registry.get     age: '42',
27 silly registry.get     connection: 'keep-alive',
27 silly registry.get     'x-served-by': 'cache-atl6231-ATL',
27 silly registry.get     'x-cache': 'HIT',
27 silly registry.get     'x-cache-hits': '1',
27 silly registry.get     'x-timer': 'S1445133773.644543,VS0,VE2',
27 silly registry.get     vary: 'Accept' } ]
28 silly addNameRange number 2 { name: 'mocha', range: '*', hasData: true }
29 silly addNameRange versions [ 'mocha',
29 silly addNameRange   [ '0.0.1-alpha1',
29 silly addNameRange     '0.0.1-alpha2',
29 silly addNameRange     '0.0.1-alpha3',
29 silly addNameRange     '0.0.1-alpha4',
29 silly addNameRange     '0.0.1-alpha5',
29 silly addNameRange     '0.0.1-alpha6',
29 silly addNameRange     '0.0.1',
29 silly addNameRange     '0.0.2',
29 silly addNameRange     '0.0.3',
29 silly addNameRange     '0.0.4',
29 silly addNameRange     '0.0.5',
29 silly addNameRange     '0.0.6',
29 silly addNameRange     '0.0.7',
29 silly addNameRange     '0.0.8',
29 silly addNameRange     '0.1.0',
29 silly addNameRange     '0.2.0',
29 silly addNameRange     '0.3.0',
29 silly addNameRange     '0.3.1',
29 silly addNameRange     '0.3.2',
29 silly addNameRange     '0.3.3',
29 silly addNameRange     '0.3.4',
29 silly addNameRange     '0.3.6',
29 silly addNameRange     '0.4.0',
29 silly addNameRange     '0.5.0',
29 silly addNameRange     '0.6.0',
29 silly addNameRange     '0.7.0',
29 silly addNameRange     '0.7.1',
29 silly addNameRange     '0.8.0',
29 silly addNameRange     '0.8.1',
29 silly addNameRange     '0.9.0',
29 silly addNameRange     '0.10.0',
29 silly addNameRange     '0.10.1',
29 silly addNameRange     '0.10.2',
29 silly addNameRange     '0.11.0',
29 silly addNameRange     '0.12.0',
29 silly addNameRange     '0.12.1',
29 silly addNameRange     '0.13.0',
29 silly addNameRange     '0.14.0',
29 silly addNameRange     '0.14.1',
29 silly addNameRange     '1.0.0',
29 silly addNameRange     '1.0.1',
29 silly addNameRange     '1.0.2',
29 silly addNameRange     '1.0.3',
29 silly addNameRange     '1.1.0',
29 silly addNameRange     '1.2.0',
29 silly addNameRange     '1.2.1',
29 silly addNameRange     '1.2.2',
29 silly addNameRange     '1.3.0',
29 silly addNameRange     '1.3.1',
29 silly addNameRange     '1.3.2',
29 silly addNameRange     '1.4.0',
29 silly addNameRange     '1.4.1',
29 silly addNameRange     '1.4.2',
29 silly addNameRange     '1.4.3',
29 silly addNameRange     '1.5.0',
29 silly addNameRange     '1.6.0',
29 silly addNameRange     '1.7.0',
29 silly addNameRange     '1.7.1',
29 silly addNameRange     '1.7.2',
29 silly addNameRange     '1.7.3',
29 silly addNameRange     '1.7.4',
29 silly addNameRange     '1.8.0',
29 silly addNameRange     '1.8.1',
29 silly addNameRange     '1.8.2',
29 silly addNameRange     '1.9.0',
29 silly addNameRange     '1.10.0',
29 silly addNameRange     '1.11.0',
29 silly addNameRange     '1.12.0',
29 silly addNameRange     '1.12.1',
29 silly addNameRange     '1.13.0',
29 silly addNameRange     '1.14.0',
29 silly addNameRange     '1.15.0',
29 silly addNameRange     '1.15.1',
29 silly addNameRange     '1.16.0',
29 silly addNameRange     '1.16.1',
29 silly addNameRange     '1.16.2',
29 silly addNameRange     '1.17.0',
29 silly addNameRange     '1.17.1',
29 silly addNameRange     '1.18.0',
29 silly addNameRange     '1.18.1',
29 silly addNameRange     '1.18.2',
29 silly addNameRange     '1.19.0',
29 silly addNameRange     '1.20.0',
29 silly addNameRange     '1.20.1',
29 silly addNameRange     '1.21.0',
29 silly addNameRange     '1.21.1',
29 silly addNameRange     '1.21.2',
29 silly addNameRange     '1.21.3',
29 silly addNameRange     '1.21.4',
29 silly addNameRange     '1.21.5',
29 silly addNameRange     '2.0.0',
29 silly addNameRange     '2.0.1',
29 silly addNameRange     '2.1.0',
29 silly addNameRange     '2.2.0',
29 silly addNameRange     '2.2.1',
29 silly addNameRange     '2.2.3',
29 silly addNameRange     '2.2.4',
29 silly addNameRange     '2.2.5',
29 silly addNameRange     '2.3.0',
29 silly addNameRange     '2.3.1',
29 silly addNameRange     '2.3.2',
29 silly addNameRange     '2.3.3' ] ]
30 verbose addNamed [ 'mocha', '2.3.3' ]
31 verbose addNamed [ '2.3.3', '2.3.3' ]
32 silly lockFile 6a81196a-mocha-2-3-3 mocha@2.3.3
33 verbose lock mocha@2.3.3 /Users/souleni5k/.npm/6a81196a-mocha-2-3-3.lock
34 silly lockFile 6a81196a-mocha-2-3-3 mocha@2.3.3
35 silly lockFile 6a81196a-mocha-2-3-3 mocha@2.3.3
36 silly lockFile b9899f31-mocha mocha@
37 silly lockFile b9899f31-mocha mocha@
38 silly resolved [ { name: 'mocha',
38 silly resolved     version: '2.3.3',
38 silly resolved     description: 'simple, flexible, fun test framework',
38 silly resolved     keywords: [ 'mocha', 'test', 'bdd', 'tdd', 'tap' ],
38 silly resolved     author: { name: 'TJ Holowaychuk', email: 'tj@vision-media.ca' },
38 silly resolved     contributors:
38 silly resolved      [ [Object],
38 silly resolved        [Object],
38 silly resolved        [Object],
38 silly resolved        [Object],
38 silly resolved        [Object],
38 silly resolved        [Object],
38 silly resolved        [Object],
38 silly resolved        [Object],
38 silly resolved        [Object],
38 silly resolved        [Object],
38 silly resolved        [Object],
38 silly resolved        [Object],
38 silly resolved        [Object],
38 silly resolved        [Object],
38 silly resolved        [Object],
38 silly resolved        [Object],
38 silly resolved        [Object],
38 silly resolved        [Object],
38 silly resolved        [Object],
38 silly resolved        [Object],
38 silly resolved        [Object],
38 silly resolved        [Object],
38 silly resolved        [Object],
38 silly resolved        [Object],
38 silly resolved        [Object],
38 silly resolved        [Object],
38 silly resolved        [Object],
38 silly resolved        [Object],
38 silly resolved        [Object],
38 silly resolved        [Object],
38 silly resolved        [Object],
38 silly resolved        [Object],
38 silly resolved        [Object],
38 silly resolved        [Object],
38 silly resolved        [Object],
38 silly resolved        [Object],
38 silly resolved        [Object],
38 silly resolved        [Object],
38 silly resolved        [Object],
38 silly resolved        [Object],
38 silly resolved        [Object],
38 silly resolved        [Object],
38 silly resolved        [Object],
38 silly resolved        [Object],
38 silly resolved        [Object],
38 silly resolved        [Object],
38 silly resolved        [Object],
38 silly resolved        [Object],
38 silly resolved        [Object],
38 silly resolved        [Object],
38 silly resolved        [Object],
38 silly resolved        [Object],
38 silly resolved        [Object],
38 silly resolved        [Object],
38 silly resolved        [Object],
38 silly resolved        [Object],
38 silly resolved        [Object],
38 silly resolved        [Object],
38 silly resolved        [Object],
38 silly resolved        [Object],
38 silly resolved        [Object],
38 silly resolved        [Object],
38 silly resolved        [Object],
38 silly resolved        [Object],
38 silly resolved        [Object],
38 silly resolved        [Object],
38 silly resolved        [Object],
38 silly resolved        [Object],
38 silly resolved        [Object],
38 silly resolved        [Object],
38 silly resolved        [Object],
38 silly resolved        [Object],
38 silly resolved        [Object],
38 silly resolved        [Object],
38 silly resolved        [Object],
38 silly resolved        [Object],
38 silly resolved        [Object],
38 silly resolved        [Object],
38 silly resolved        [Object],
38 silly resolved        [Object],
38 silly resolved        [Object],
38 silly resolved        [Object],
38 silly resolved        [Object],
38 silly resolved        [Object],
38 silly resolved        [Object],
38 silly resolved        [Object],
38 silly resolved        [Object],
38 silly resolved        [Object],
38 silly resolved        [Object],
38 silly resolved        [Object],
38 silly resolved        [Object],
38 silly resolved        [Object],
38 silly resolved        [Object],
38 silly resolved        [Object],
38 silly resolved        [Object],
38 silly resolved        [Object],
38 silly resolved        [Object],
38 silly resolved        [Object],
38 silly resolved        [Object],
38 silly resolved        [Object],
38 silly resolved        [Object],
38 silly resolved        [Object],
38 silly resolved        [Object],
38 silly resolved        [Object],
38 silly resolved        [Object],
38 silly resolved        [Object],
38 silly resolved        [Object],
38 silly resolved        [Object],
38 silly resolved        [Object],
38 silly resolved        [Object],
38 silly resolved        [Object],
38 silly resolved        [Object],
38 silly resolved        [Object],
38 silly resolved        [Object],
38 silly resolved        [Object],
38 silly resolved        [Object],
38 silly resolved        [Object],
38 silly resolved        [Object],
38 silly resolved        [Object],
38 silly resolved        [Object],
38 silly resolved        [Object],
38 silly resolved        [Object],
38 silly resolved        [Object],
38 silly resolved        [Object],
38 silly resolved        [Object],
38 silly resolved        [Object],
38 silly resolved        [Object],
38 silly resolved        [Object],
38 silly resolved        [Object],
38 silly resolved        [Object],
38 silly resolved        [Object],
38 silly resolved        [Object],
38 silly resolved        [Object],
38 silly resolved        [Object],
38 silly resolved        [Object],
38 silly resolved        [Object],
38 silly resolved        [Object],
38 silly resolved        [Object],
38 silly resolved        [Object],
38 silly resolved        [Object],
38 silly resolved        [Object],
38 silly resolved        [Object],
38 silly resolved        [Object],
38 silly resolved        [Object],
38 silly resolved        [Object],
38 silly resolved        [Object],
38 silly resolved        [Object],
38 silly resolved        [Object],
38 silly resolved        [Object],
38 silly resolved        [Object],
38 silly resolved        [Object],
38 silly resolved        [Object],
38 silly resolved        [Object],
38 silly resolved        [Object],
38 silly resolved        [Object],
38 silly resolved        [Object],
38 silly resolved        [Object],
38 silly resolved        [Object],
38 silly resolved        [Object],
38 silly resolved        [Object],
38 silly resolved        [Object],
38 silly resolved        [Object],
38 silly resolved        [Object],
38 silly resolved        [Object],
38 silly resolved        [Object],
38 silly resolved        [Object],
38 silly resolved        [Object],
38 silly resolved        [Object],
38 silly resolved        [Object],
38 silly resolved        [Object],
38 silly resolved        [Object],
38 silly resolved        [Object],
38 silly resolved        [Object],
38 silly resolved        [Object],
38 silly resolved        [Object],
38 silly resolved        [Object],
38 silly resolved        [Object],
38 silly resolved        [Object],
38 silly resolved        [Object],
38 silly resolved        [Object],
38 silly resolved        [Object],
38 silly resolved        [Object],
38 silly resolved        [Object],
38 silly resolved        [Object],
38 silly resolved        [Object],
38 silly resolved        [Object],
38 silly resolved        [Object],
38 silly resolved        [Object],
38 silly resolved        [Object],
38 silly resolved        [Object],
38 silly resolved        [Object],
38 silly resolved        [Object],
38 silly resolved        [Object],
38 silly resolved        [Object],
38 silly resolved        [Object],
38 silly resolved        [Object],
38 silly resolved        [Object],
38 silly resolved        [Object],
38 silly resolved        [Object],
38 silly resolved        [Object],
38 silly resolved        [Object],
38 silly resolved        [Object],
38 silly resolved        [Object],
38 silly resolved        [Object],
38 silly resolved        [Object],
38 silly resolved        [Object],
38 silly resolved        [Object],
38 silly resolved        [Object],
38 silly resolved        [Object],
38 silly resolved        [Object],
38 silly resolved        [Object],
38 silly resolved        [Object],
38 silly resolved        [Object],
38 silly resolved        [Object],
38 silly resolved        [Object],
38 silly resolved        [Object],
38 silly resolved        [Object],
38 silly resolved        [Object],
38 silly resolved        [Object],
38 silly resolved        [Object],
38 silly resolved        [Object],
38 silly resolved        [Object],
38 silly resolved        [Object],
38 silly resolved        [Object],
38 silly resolved        [Object],
38 silly resolved        [Object],
38 silly resolved        [Object],
38 silly resolved        [Object],
38 silly resolved        [Object],
38 silly resolved        [Object],
38 silly resolved        [Object],
38 silly resolved        [Object],
38 silly resolved        [Object],
38 silly resolved        [Object],
38 silly resolved        [Object],
38 silly resolved        [Object],
38 silly resolved        [Object],
38 silly resolved        [Object],
38 silly resolved        [Object],
38 silly resolved        [Object] ],
38 silly resolved     license: 'MIT',
38 silly resolved     repository: { type: 'git', url: 'git://github.com/mochajs/mocha.git' },
38 silly resolved     maintainers: [ [Object], [Object], [Object], [Object] ],
38 silly resolved     main: './index',
38 silly resolved     bin: { mocha: './bin/mocha', _mocha: './bin/_mocha' },
38 silly resolved     engines: { node: '>= 0.8.x' },
38 silly resolved     scripts: { test: 'make test-all' },
38 silly resolved     dependencies:
38 silly resolved      { commander: '2.3.0',
38 silly resolved        debug: '2.0.0',
38 silly resolved        diff: '1.4.0',
38 silly resolved        'escape-string-regexp': '1.0.2',
38 silly resolved        glob: '3.2.3',
38 silly resolved        growl: '1.8.1',
38 silly resolved        jade: '0.26.3',
38 silly resolved        mkdirp: '0.5.0',
38 silly resolved        'supports-color': '1.2.0' },
38 silly resolved     devDependencies:
38 silly resolved      { 'browser-stdout': '^1.2.0',
38 silly resolved        browserify: '10.2.4',
38 silly resolved        'coffee-script': '~1.8.0',
38 silly resolved        eslint: '^1.2.1',
38 silly resolved        should: '~4.0.0',
38 silly resolved        through2: '~0.6.5' },
38 silly resolved     files:
38 silly resolved      [ 'bin',
38 silly resolved        'images',
38 silly resolved        'lib',
38 silly resolved        'index.js',
38 silly resolved        'mocha.css',
38 silly resolved        'mocha.js',
38 silly resolved        'LICENSE' ],
38 silly resolved     browser:
38 silly resolved      { debug: './lib/browser/debug.js',
38 silly resolved        events: './lib/browser/events.js',
38 silly resolved        tty: './lib/browser/tty.js' },
38 silly resolved     licenses: [ [Object] ],
38 silly resolved     gitHead: 'c4393c456839d6bf2cbb4abb1cd177010ee06458',
38 silly resolved     bugs: { url: 'https://github.com/mochajs/mocha/issues' },
38 silly resolved     homepage: 'https://github.com/mochajs/mocha#readme',
38 silly resolved     _id: 'mocha@2.3.3',
38 silly resolved     _shasum: '96488c49bfd71d86a518cb941e291a83f48d8856',
38 silly resolved     _from: 'mocha@',
38 silly resolved     _npmVersion: '2.14.2',
38 silly resolved     _nodeVersion: '4.0.0',
38 silly resolved     _npmUser: { name: 'boneskull', email: 'chiller@badwing.com' },
38 silly resolved     dist:
38 silly resolved      { shasum: '96488c49bfd71d86a518cb941e291a83f48d8856',
38 silly resolved        tarball: 'http://registry.npmjs.org/mocha/-/mocha-2.3.3.tgz' },
38 silly resolved     directories: {},
38 silly resolved     _resolved: 'https://registry.npmjs.org/mocha/-/mocha-2.3.3.tgz',
38 silly resolved     readme: 'ERROR: No README data found!' } ]
39 info install mocha@2.3.3 into /usr/local/lib
40 info installOne mocha@2.3.3
41 verbose lib/node_modules/mocha unbuild
42 verbose tar unpack /Users/souleni5k/.npm/mocha/2.3.3/package.tgz
43 silly lockFile 746f3f6f-usr-local-lib-node-modules-mocha tar:///usr/local/lib/node_modules/mocha
44 verbose lock tar:///usr/local/lib/node_modules/mocha /Users/souleni5k/.npm/746f3f6f-usr-local-lib-node-modules-mocha.lock
45 silly lockFile 6869fe25-ni5k-npm-mocha-2-3-3-package-tgz tar:///Users/souleni5k/.npm/mocha/2.3.3/package.tgz
46 verbose lock tar:///Users/souleni5k/.npm/mocha/2.3.3/package.tgz /Users/souleni5k/.npm/6869fe25-ni5k-npm-mocha-2-3-3-package-tgz.lock
47 silly gunzTarPerm modes [ '755', '644' ]
48 error Error: EACCES, mkdir '/usr/local/lib/node_modules/mocha'
48 error  { [Error: EACCES, mkdir '/usr/local/lib/node_modules/mocha']
48 error   errno: 3,
48 error   code: 'EACCES',
48 error   path: '/usr/local/lib/node_modules/mocha',
48 error   fstream_type: 'Directory',
48 error   fstream_path: '/usr/local/lib/node_modules/mocha',
48 error   fstream_class: 'DirWriter',
48 error   fstream_stack:
48 error    [ '/usr/local/lib/node_modules/npm/node_modules/fstream/lib/dir-writer.js:36:23',
48 error      '/usr/local/lib/node_modules/npm/node_modules/mkdirp/index.js:46:53',
48 error      'Object.oncomplete (fs.js:108:15)' ] }
49 error Please try running this command again as root/Administrator.
50 error System Darwin 15.0.0
51 error command "node" "/usr/local/bin/npm" "install" "-g" "mocha"
52 error cwd /Users/souleni5k/Documents/web/6.170/wgwong_proj3
53 error node -v v0.10.35
54 error npm -v 1.4.28
55 error path /usr/local/lib/node_modules/mocha
56 error fstream_path /usr/local/lib/node_modules/mocha
57 error fstream_type Directory
58 error fstream_class DirWriter
59 error code EACCES
60 error errno 3
61 error stack Error: EACCES, mkdir '/usr/local/lib/node_modules/mocha'
62 error fstream_stack /usr/local/lib/node_modules/npm/node_modules/fstream/lib/dir-writer.js:36:23
62 error fstream_stack /usr/local/lib/node_modules/npm/node_modules/mkdirp/index.js:46:53
62 error fstream_stack Object.oncomplete (fs.js:108:15)
63 verbose exit [ 3, true ]
